<?xml version="1.0" encoding="UTF-8"?>
<!-- Generated by org.testng.reporters.JUnitXMLReporter -->
<testsuite hostname="DESKTOP-C6EME4Q" ignored="0" name="India LMS" tests="3" failures="0" timestamp="2020-12-30T16:41:27 IST" time="38.947" errors="0">
  <testcase name="navLink" time="3.322" classname="testCases.LMSPage_TS_003"/>
  <testcase name="navToLms" time="10.059" classname="testCases.LMSPage_TS_003"/>
  <testcase name="pageCtrlLms" time="15.426" classname="testCases.LMSPage_TS_003"/>
</testsuite> <!-- India LMS -->
