<?xml version="1.0" encoding="UTF-8"?>
<!-- Generated by org.testng.reporters.JUnitXMLReporter -->
<testsuite hostname="DESKTOP-C6EME4Q" ignored="0" name="iSuccess Learning" tests="3" failures="0" timestamp="2020-12-30T16:40:48 IST" time="60.166" errors="0">
  <testcase name="navLink" time="5.436" classname="testCases.IsuccessLearnPage_TS_002"/>
  <testcase name="navToIlearn" time="10.84" classname="testCases.IsuccessLearnPage_TS_002"/>
  <testcase name="viewHistory" time="33.694" classname="testCases.IsuccessLearnPage_TS_002"/>
</testsuite> <!-- iSuccess Learning -->
