<?xml version="1.0" encoding="UTF-8"?>
<!-- Generated by org.testng.reporters.JUnitXMLReporter -->
<testsuite hostname="DESKTOP-C6EME4Q" ignored="0" name="Meme" tests="3" failures="0" timestamp="2020-12-30T16:43:04 IST" time="97.529" errors="0">
  <testcase name="navLink" time="3.378" classname="testCases.MemePage_TS_004"/>
  <testcase name="navToMeme" time="10.048" classname="testCases.MemePage_TS_004"/>
  <testcase name="addMemeProfPic" time="73.978" classname="testCases.MemePage_TS_004"/>
</testsuite> <!-- Meme -->
